<?xml version="1.0" encoding="UTF-8"?>
<!-- Generated by org.testng.reporters.JUnitReportReporter -->
<testsuite skipped="0" hostname="DESKTOP-1IL03V1" name="com.demo.SaleForceTest" tests="2" failures="0" timestamp="19 Jul 2019 01:10:45 GMT" time="28.561" errors="0">
  <testcase name="TC01_loginWithoutPassword" time="12.110" classname="com.demo.SaleForceTest"/>
  <testcase name="TC02_LoginToSFDC" time="16.451" classname="com.demo.SaleForceTest"/>
</testsuite> <!-- com.demo.SaleForceTest -->
