<?xml version="1.0" encoding="UTF-8"?>
<!-- Generated by org.testng.reporters.JUnitReportReporter -->
<testsuite skipped="0" hostname="DESKTOP-1IL03V1" name="com.demo.SaleForceTest" tests="6" failures="0" timestamp="20 Jul 2019 00:59:20 GMT" time="87.816" errors="0">
  <testcase name="TC01_loginWithoutPassword" time="12.289" classname="com.demo.SaleForceTest"/>
  <testcase name="TC05_SelectUserMenu" time="24.822" classname="com.demo.SaleForceTest"/>
  <testcase name="TC03_RememberUserNameChecked" time="21.638" classname="com.demo.SaleForceTest"/>
  <testcase name="TC04A_ForgotPassword" time="9.703" classname="com.demo.SaleForceTest"/>
  <testcase name="TC02_LoginToSFDC" time="11.260" classname="com.demo.SaleForceTest"/>
  <testcase name="TC04B_WrongCredential" time="8.104" classname="com.demo.SaleForceTest"/>
</testsuite> <!-- com.demo.SaleForceTest -->
